<?xml version="1.0" encoding="UTF-8"?>
<!-- Generated by org.testng.reporters.JUnitReportReporter -->
<testsuite hostname="LAPTOP-EJHSQL5D" failures="0" tests="1" name="com.LoginTestPage" time="7.555" errors="0" timestamp="2022-10-01T14:02:22 IST" skipped="0">
  <testcase classname="com.LoginTestPage" name="LoginTestpage" time="7.555"/>
  <system-out/>
</testsuite> <!-- com.LoginTestPage -->
