<?xml version="1.0" encoding="UTF-8"?>
<!-- Generated by org.testng.reporters.JUnitReportReporter -->
<testsuite hostname="LAPTOP-EJHSQL5D" failures="0" tests="2" name="com.NewTest" time="9.487" errors="0" timestamp="2022-10-19T21:51:05 IST" skipped="0">
  <testcase classname="com.NewTest" name="BookAppoitment" time="5.779"/>
  <system-out/>
  <testcase classname="com.NewTest" name="savePatient" time="3.708"/>
  <system-out/>
</testsuite> <!-- com.NewTest -->
