<?xml version="1.0" encoding="UTF-8"?>
<!-- Generated by org.testng.reporters.JUnitReportReporter -->
<testsuite hostname="LAPTOP-EJHSQL5D" failures="0" tests="1" name="com.LoginPageTest" time="2.187" errors="0" timestamp="2022-09-30T15:51:51 IST" skipped="0">
  <testcase classname="com.LoginPageTest" name="loginPageTest" time="2.187"/>
  <system-out/>
</testsuite> <!-- com.LoginPageTest -->
