<?xml version="1.0" encoding="UTF-8"?>
<!-- Generated by org.testng.reporters.JUnitReportReporter -->
<testsuite hostname="LAPTOP-EJHSQL5D" failures="0" tests="1" name="com.bookAppoitment.NewTest" time="5.244" errors="0" timestamp="2022-10-19T21:56:59 IST" skipped="0">
  <testcase classname="com.bookAppoitment.NewTest" name="BookAppoitment" time="5.244"/>
  <system-out/>
</testsuite> <!-- com.bookAppoitment.NewTest -->
